Using pre-set license
Built from '2021.2/staging' branch; Version is '2021.2.16f1 (559fc0ec6670) revision 5611456'; Using compiler version '192829333'; Build Type 'Release'
OS: 'Windows 10  (10.0.19044) 64bit Professional' Language: 'ko' Physical Memory: 16315 MB
BatchMode: 1, IsHumanControllingUs: 0, StartBugReporterOnCrash: 0, Is64bit: 1, IsPro: 1

COMMAND LINE ARGUMENTS:
F:\어치\밀화부리\2021.2.16f1\Editor\Unity.exe
-adb2
-batchMode
-noUpm
-name
AssetImportWorker1
-projectPath
F:/3 - 1/GitHub/VR_Project/ProjectZ
-logFile
Logs/AssetImportWorker1.log
-srvPort
12390
Successfully changed project path to: F:/3 - 1/GitHub/VR_Project/ProjectZ
F:/3 - 1/GitHub/VR_Project/ProjectZ
[UnityMemory] Configuration Parameters - Can be set up in boot.config
    "memorysetup-bucket-allocator-granularity=16"
    "memorysetup-bucket-allocator-bucket-count=8"
    "memorysetup-bucket-allocator-block-size=33554432"
    "memorysetup-bucket-allocator-block-count=8"
    "memorysetup-main-allocator-block-size=16777216"
    "memorysetup-thread-allocator-block-size=16777216"
    "memorysetup-gfx-main-allocator-block-size=16777216"
    "memorysetup-gfx-thread-allocator-block-size=16777216"
    "memorysetup-cache-allocator-block-size=4194304"
    "memorysetup-typetree-allocator-block-size=2097152"
    "memorysetup-profiler-bucket-allocator-granularity=16"
    "memorysetup-profiler-bucket-allocator-bucket-count=8"
    "memorysetup-profiler-bucket-allocator-block-size=33554432"
    "memorysetup-profiler-bucket-allocator-block-count=8"
    "memorysetup-profiler-allocator-block-size=16777216"
    "memorysetup-profiler-editor-allocator-block-size=1048576"
    "memorysetup-temp-allocator-size-main=16777216"
    "memorysetup-job-temp-allocator-block-size=2097152"
    "memorysetup-job-temp-allocator-block-size-background=1048576"
    "memorysetup-job-temp-allocator-reduction-small-platforms=262144"
    "memorysetup-temp-allocator-size-background-worker=32768"
    "memorysetup-temp-allocator-size-job-worker=262144"
    "memorysetup-temp-allocator-size-preload-manager=33554432"
    "memorysetup-temp-allocator-size-nav-mesh-worker=65536"
    "memorysetup-temp-allocator-size-audio-worker=65536"
    "memorysetup-temp-allocator-size-cloud-worker=32768"
    "memorysetup-temp-allocator-size-gi-baking-worker=262144"
    "memorysetup-temp-allocator-size-gfx=262144"
Refreshing native plugins compatible for Editor in 135.07 ms, found 7 plugins.
Preloading 1 native plugins for Editor in 0.88 ms.
Initialize engine version: 2021.2.16f1 (559fc0ec6670)
[Subsystems] Discovering subsystems at path F:/어치/밀화부리/2021.2.16f1/Editor/Data/Resources/UnitySubsystems
[Subsystems] Discovering subsystems at path F:/3 - 1/GitHub/VR_Project/ProjectZ/Assets
GfxDevice: creating device client; threaded=0; jobified=0
Direct3D:
    Version:  Direct3D 11.0 [level 11.1]
    Renderer: Radeon RX 570 Series (ID=0x67df)
    Vendor:   ATI
    VRAM:     8170 MB
    Driver:   30.0.15021.11005
Shader 'Oculus/OVRMRCameraFrameLit': fallback shader 'Alpha-Diffuse' not found
Initialize mono
Mono path[0] = 'F:/어치/밀화부리/2021.2.16f1/Editor/Data/Managed'
Mono path[1] = 'F:/어치/밀화부리/2021.2.16f1/Editor/Data/MonoBleedingEdge/lib/mono/unityjit-win32'
Mono config path = 'F:/어치/밀화부리/2021.2.16f1/Editor/Data/MonoBleedingEdge/etc'
Using monoOptions --debugger-agent=transport=dt_socket,embedding=1,server=y,suspend=n,address=127.0.0.1:56176
Begin MonoManager ReloadAssembly
Registering precompiled unity dll's ...
Register platform support module: F:/어치/밀화부리/2021.2.16f1/Editor/Data/PlaybackEngines/AndroidPlayer/UnityEditor.Android.Extensions.dll
Register platform support module: F:/어치/밀화부리/2021.2.16f1/Editor/Data/PlaybackEngines/WindowsStandaloneSupport/UnityEditor.WindowsStandalone.Extensions.dll
Registered in 0.008835 seconds.
Native extension for WindowsStandalone target not found
Native extension for Android target not found
Refreshing native plugins compatible for Editor in 107.21 ms, found 7 plugins.
Preloading 1 native plugins for Editor in 0.07 ms.
Mono: successfully reloaded assembly
- Completed reload, in  0.916 seconds
Domain Reload Profiling:
	ReloadAssembly (917ms)
		BeginReloadAssembly (161ms)
			ExecutionOrderSort (0ms)
			DisableScriptedObjects (0ms)
			BackupInstance (0ms)
			ReleaseScriptingObjects (0ms)
			CreateAndSetChildDomain (1ms)
		EndReloadAssembly (611ms)
			LoadAssemblies (161ms)
			RebuildTransferFunctionScriptingTraits (0ms)
			SetupTypeCache (141ms)
			ReleaseScriptCaches (0ms)
			RebuildScriptCaches (32ms)
			SetupLoadedEditorAssemblies (373ms)
				LogAssemblyErrors (0ms)
				InitializePlatformSupportModulesInManaged (71ms)
				SetLoadedEditorAssemblies (0ms)
				RefreshPlugins (108ms)
				BeforeProcessingInitializeOnLoad (2ms)
				ProcessInitializeOnLoadAttributes (122ms)
				ProcessInitializeOnLoadMethodAttributes (70ms)
				AfterProcessingInitializeOnLoad (0ms)
				EditorAssembliesLoaded (0ms)
			ExecutionOrderSort2 (0ms)
			AwakeInstancesAfterBackupRestoration (0ms)
Platform modules already initialized, skipping
Registering precompiled user dll's ...
Registered in 0.011915 seconds.
Begin MonoManager ReloadAssembly
Native extension for WindowsStandalone target not found
Native extension for Android target not found
Refreshing native plugins compatible for Editor in 1.27 ms, found 7 plugins.
Preloading 1 native plugins for Editor in 0.08 ms.
Package Manager log level set to [2]
[XR] OculusXRPlugin: registering subsystems
[XR] Unable to register display lifecyle provider: [1]
[XR] Oculus Input lifecycle provider registered.
[XR] Unable to register input lifecyle provider: [1]
[XR] OVRP version 1.73.0
Mono: successfully reloaded assembly
- Completed reload, in  4.463 seconds
Domain Reload Profiling:
	ReloadAssembly (4464ms)
		BeginReloadAssembly (3441ms)
			ExecutionOrderSort (0ms)
			DisableScriptedObjects (8ms)
			BackupInstance (0ms)
			ReleaseScriptingObjects (0ms)
			CreateAndSetChildDomain (3282ms)
		EndReloadAssembly (876ms)
			LoadAssemblies (168ms)
			RebuildTransferFunctionScriptingTraits (0ms)
			SetupTypeCache (240ms)
			ReleaseScriptCaches (1ms)
			RebuildScriptCaches (78ms)
			SetupLoadedEditorAssemblies (385ms)
				LogAssemblyErrors (0ms)
				InitializePlatformSupportModulesInManaged (16ms)
				SetLoadedEditorAssemblies (1ms)
				RefreshPlugins (2ms)
				BeforeProcessingInitializeOnLoad (70ms)
				ProcessInitializeOnLoadAttributes (252ms)
				ProcessInitializeOnLoadMethodAttributes (39ms)
				AfterProcessingInitializeOnLoad (6ms)
				EditorAssembliesLoaded (0ms)
			ExecutionOrderSort2 (0ms)
			AwakeInstancesAfterBackupRestoration (15ms)
Platform modules already initialized, skipping
========================================================================
Worker process is ready to serve import requests
Shader 'Oculus/OVRMRCameraFrameLit': fallback shader 'Alpha-Diffuse' not found
Launched and connected shader compiler UnityShaderCompiler.exe after 0.07 seconds
Refreshing native plugins compatible for Editor in 1.34 ms, found 7 plugins.
Preloading 1 native plugins for Editor in 0.07 ms.
Unloading 2905 Unused Serialized files (Serialized files now loaded: 0)
Unloading 45 unused Assets / (146.2 KB). Loaded Objects now: 3378.
Memory consumption went from 216.9 MB to 216.8 MB.
Total: 3.763300 ms (FindLiveObjects: 0.327400 ms CreateObjectMapping: 0.083600 ms MarkObjects: 3.150000 ms  DeleteObjects: 0.200900 ms)

AssetImportParameters requested are different than current active one (requested -> active):
  custom:video-decoder-ogg-theora: a1e56fd34408186e4bbccfd4996cb3dc -> 
  custom:container-muxer-webm: aa71ff27fc2769a1b78a27578f13a17b -> 
  custom:container-demuxer-webm: 4f35f7cbe854078d1ac9338744f61a02 -> 
  custom:video-encoder-webm-vp8: eb34c28f22e8b96e1ab97ce403110664 -> 
  custom:audio-encoder-webm-vorbis: bf7c407c2cedff20999df2af8eb42d56 -> 
  custom:framework-win-MediaFoundation: 216162199b28c13a410421893ffa2e32 -> 
  custom:container-demuxer-ogg: 62fdf1f143b41e24485cea50d1cbac27 -> 
  custom:video-decoder-webm-vp8: 9c59270c3fd7afecdb556c50c9e8de78 -> 
  custom:audio-decoder-ogg-vorbis: bf7c407c2cedff20999df2af8eb42d56 -> 
========================================================================
Received Import Request.
  Time since last request: 1365187.678086 seconds.
  path: Assets/UI/Button/Button_dark.png
  artifactKey: Guid(b03d86bb340ea704ea9eed8c56c96bef) Importer(815301076,1909f56bfc062723c751e8b465ee728b)
Start importing Assets/UI/Button/Button_dark.png using Guid(b03d86bb340ea704ea9eed8c56c96bef) Importer(815301076,1909f56bfc062723c751e8b465ee728b)  -> (artifact id: '31ac62279dddb992d7188810990d16b0') in 0.299543 seconds 
========================================================================
Received Import Request.
  Time since last request: 1256.560476 seconds.
  path: Assets/Stage2/texture/Albedo/lava_diff.png
  artifactKey: Guid(63ac232ff677ac4479800c4dc0b68409) Importer(815301076,1909f56bfc062723c751e8b465ee728b)
Start importing Assets/Stage2/texture/Albedo/lava_diff.png using Guid(63ac232ff677ac4479800c4dc0b68409) Importer(815301076,1909f56bfc062723c751e8b465ee728b)  -> (artifact id: '6b550b8a527181205a75ca76ac923074') in 0.542386 seconds 
========================================================================
Received Import Request.
  Time since last request: 0.000023 seconds.
  path: Assets/Stage2/texture/BridgeMatairals/BridgeHanging.mat
  artifactKey: Guid(a5c88f5ceb5dadc4a948359149697782) Importer(815301076,1909f56bfc062723c751e8b465ee728b)
Start importing Assets/Stage2/texture/BridgeMatairals/BridgeHanging.mat using Guid(a5c88f5ceb5dadc4a948359149697782) Importer(815301076,1909f56bfc062723c751e8b465ee728b)  -> (artifact id: '51ee9458d9afdabdc8d6c236b30efc09') in 0.156442 seconds 
========================================================================
Received Import Request.
  Time since last request: 0.263173 seconds.
  path: Assets/Stage2/texture/Materials/rock_diff.mat
  artifactKey: Guid(6c1ea8df6d5cc3c4c8d49d091afff93c) Importer(815301076,1909f56bfc062723c751e8b465ee728b)
Start importing Assets/Stage2/texture/Materials/rock_diff.mat using Guid(6c1ea8df6d5cc3c4c8d49d091afff93c) Importer(815301076,1909f56bfc062723c751e8b465ee728b)  -> (artifact id: '74d315521b620cd991a3eea03a1f257b') in 0.111333 seconds 
========================================================================
Received Import Request.
  Time since last request: 1.681958 seconds.
  path: Assets/Stage2/texture/ObjectMatairals/Foliage.mat
  artifactKey: Guid(c0a9725ef6601304a82891ef2cadc876) Importer(815301076,1909f56bfc062723c751e8b465ee728b)
Start importing Assets/Stage2/texture/ObjectMatairals/Foliage.mat using Guid(c0a9725ef6601304a82891ef2cadc876) Importer(815301076,1909f56bfc062723c751e8b465ee728b)  -> (artifact id: '3427cb61c4b891753c2907b722185507') in 0.018327 seconds 
========================================================================
Received Import Request.
  Time since last request: 0.000033 seconds.
  path: Assets/Stage2/texture/ObjectMatairals/Ruby.mat
  artifactKey: Guid(9e821f0f773f0114e9df5ba24a0abad5) Importer(815301076,1909f56bfc062723c751e8b465ee728b)
Start importing Assets/Stage2/texture/ObjectMatairals/Ruby.mat using Guid(9e821f0f773f0114e9df5ba24a0abad5) Importer(815301076,1909f56bfc062723c751e8b465ee728b)  -> (artifact id: '20ca4b346d84cc4892ffb52a2955010c') in 0.017438 seconds 
========================================================================
Received Import Request.
  Time since last request: 0.000043 seconds.
  path: Assets/Stage2/texture/ObjectMatairals/Stell.mat
  artifactKey: Guid(581bcb63dc607ec4ebc2a6d2096dfc92) Importer(815301076,1909f56bfc062723c751e8b465ee728b)
Start importing Assets/Stage2/texture/ObjectMatairals/Stell.mat using Guid(581bcb63dc607ec4ebc2a6d2096dfc92) Importer(815301076,1909f56bfc062723c751e8b465ee728b)  -> (artifact id: 'a5fcba92e2fa87c7919f80a9753212c8') in 0.017763 seconds 
========================================================================
Received Import Request.
  Time since last request: 0.000019 seconds.
  path: Assets/Stage2/texture/ObjectMatairals/Wood_1.mat
  artifactKey: Guid(b25397e34de9b8648b8b72a73099bfb2) Importer(815301076,1909f56bfc062723c751e8b465ee728b)
Start importing Assets/Stage2/texture/ObjectMatairals/Wood_1.mat using Guid(b25397e34de9b8648b8b72a73099bfb2) Importer(815301076,1909f56bfc062723c751e8b465ee728b)  -> (artifact id: '2312b208f9ff7b870b81af59b5d5043e') in 0.019488 seconds 
Editor requested this worker to shutdown with reason: Scaling down because of idle timeout
AssetImportWorker is now disconnected from the server
Process exiting
Exiting without the bug reporter. Application will terminate with return code 0